aptitude
autoconf
automake
build-essential
ccache
chrpath
clang-format
cmake
curl
gettext
git
git-lfs
gparted
htop
konsole
libass-dev
libboost-all-dev
libbz2-dev
libcanberra-gtk-module
libchromaprint-dev
libexiv2-dev
libfdk-aac-dev
libffmpeg-nvenc-dev
libfftw3-dev
libfreetype-dev
libgemmlowp-dev
libgflags-dev
libgl1-mesa-dev
libglew-dev
libglfw3-dev
libglu1-mesa-dev
libgoogle-glog-dev
libhdf5-dev
libjpeg-turbo8-dev
liblapack-dev
liblcms2-dev
liblmdb-dev
libmp3lame-dev
libmunge-dev
libnuma-dev
libomp-dev
libopenblas-dev
libopenexr-dev
libopus-dev
libpano13-dev
libpng-dev
libprotobuf-dev
libprotoc-dev
libsdl2-dev
libsqlite3-dev
libssl-dev
libtiff-dev
libva-dev
libvdpau-dev
libvorbis-dev
libvpx-dev
libx264-dev
libx265-dev
libxcb1-dev
libxcb-shm0-dev
libxcb-xfixes0-dev
libyaml-cpp-dev
libdw-dev
libx11-xcb-dev
make
mc
mesa-utils
munge
nasm
net-tools
ninja-build
openssh-server
protobuf-compiler
qtbase5-dev
texinfo
tmux
viewnior
vim
xfce4-goodies
yasm
zlib1g-dev
